<?xml version="1.0" encoding="UTF-8"?>
<!-- Generated by org.testng.reporters.JUnitReportReporter -->
<testsuite hostname="192.168.1.2" failures="0" tests="1" name="testCases.SearchWithPartialText" time="37.149" errors="0" timestamp="5 Feb 2023 11:06:11 GMT">
  <testcase classname="testCases.SearchWithPartialText" name="searchFlow" time="37.149"/>
</testsuite> <!-- testCases.SearchWithPartialText -->
